This file contains any messages produced by compilers while
running configure, to aid debugging if configure makes a mistake.

It was created by configure, which was
generated by GNU Autoconf 2.69.  Invocation command line was

  $ ./configure --no-create --no-recursion

## --------- ##
## Platform. ##
## --------- ##

hostname = mininet-vm
uname -m = x86_64
uname -r = 4.1.26+
uname -s = Linux
uname -v = #4 SMP Fri Nov 11 14:31:55 CET 2016

/usr/bin/uname -p = unknown
/bin/uname -X     = unknown

/bin/arch              = unknown
/usr/bin/arch -k       = unknown
/usr/convex/getsysinfo = unknown
/usr/bin/hostinfo      = unknown
/bin/machine           = unknown
/usr/bin/oslevel       = unknown
/bin/universe          = unknown

PATH: /usr/local/sbin
PATH: /usr/local/bin
PATH: /usr/sbin
PATH: /usr/bin
PATH: /sbin
PATH: /bin
PATH: /usr/games
PATH: /usr/local/games


## ----------- ##
## Core tests. ##
## ----------- ##

configure:2333: checking build system type
configure:2347: result: x86_64-unknown-linux-gnu
configure:2367: checking host system type
configure:2380: result: x86_64-unknown-linux-gnu
configure:2400: checking target system type
configure:2413: result: x86_64-unknown-linux-gnu
configure:2456: checking for a BSD-compatible install
configure:2524: result: /usr/bin/install -c
configure:2535: checking whether build environment is sane
configure:2572: result: yes
configure:2602: checking for gawk
configure:2632: result: no
configure:2602: checking for mawk
configure:2618: found /usr/bin/mawk
configure:2629: result: mawk
configure:2640: checking whether make sets $(MAKE)
configure:2662: result: yes
configure:2889: checking for gcc
configure:2905: found /usr/bin/gcc
configure:2916: result: gcc
configure:3145: checking for C compiler version
configure:3154: gcc --version >&5
gcc (Ubuntu 4.8.2-19ubuntu1) 4.8.2
Copyright (C) 2013 Free Software Foundation, Inc.
This is free software; see the source for copying conditions.  There is NO
warranty; not even for MERCHANTABILITY or FITNESS FOR A PARTICULAR PURPOSE.

configure:3165: $? = 0
configure:3154: gcc -v >&5
Using built-in specs.
COLLECT_GCC=gcc
COLLECT_LTO_WRAPPER=/usr/lib/gcc/x86_64-linux-gnu/4.8/lto-wrapper
Target: x86_64-linux-gnu
Configured with: ../src/configure -v --with-pkgversion='Ubuntu 4.8.2-19ubuntu1' --with-bugurl=file:///usr/share/doc/gcc-4.8/README.Bugs --enable-languages=c,c++,java,go,d,fortran,objc,obj-c++ --prefix=/usr --program-suffix=-4.8 --enable-shared --enable-linker-build-id --libexecdir=/usr/lib --without-included-gettext --enable-threads=posix --with-gxx-include-dir=/usr/include/c++/4.8 --libdir=/usr/lib --enable-nls --with-sysroot=/ --enable-clocale=gnu --enable-libstdcxx-debug --enable-libstdcxx-time=yes --enable-gnu-unique-object --disable-libmudflap --enable-plugin --with-system-zlib --disable-browser-plugin --enable-java-awt=gtk --enable-gtk-cairo --with-java-home=/usr/lib/jvm/java-1.5.0-gcj-4.8-amd64/jre --enable-java-home --with-jvm-root-dir=/usr/lib/jvm/java-1.5.0-gcj-4.8-amd64 --with-jvm-jar-dir=/usr/lib/jvm-exports/java-1.5.0-gcj-4.8-amd64 --with-arch-directory=amd64 --with-ecj-jar=/usr/share/java/eclipse-ecj.jar --enable-objc-gc --enable-multiarch --disable-werror --with-arch-32=i686 --with-abi=m64 --with-multilib-list=m32,m64,mx32 --with-tune=generic --enable-checking=release --build=x86_64-linux-gnu --host=x86_64-linux-gnu --target=x86_64-linux-gnu
Thread model: posix
gcc version 4.8.2 (Ubuntu 4.8.2-19ubuntu1) 
configure:3165: $? = 0
configure:3154: gcc -V >&5
gcc: error: unrecognized command line option '-V'
gcc: fatal error: no input files
compilation terminated.
configure:3165: $? = 4
configure:3154: gcc -qversion >&5
gcc: error: unrecognized command line option '-qversion'
gcc: fatal error: no input files
compilation terminated.
configure:3165: $? = 4
configure:3185: checking whether the C compiler works
configure:3207: gcc    conftest.c  >&5
configure:3211: $? = 0
configure:3259: result: yes
configure:3262: checking for C compiler default output file name
configure:3264: result: a.out
configure:3270: checking for suffix of executables
configure:3277: gcc -o conftest    conftest.c  >&5
configure:3281: $? = 0
configure:3303: result: 
configure:3325: checking whether we are cross compiling
configure:3333: gcc -o conftest    conftest.c  >&5
configure:3337: $? = 0
configure:3344: ./conftest
configure:3348: $? = 0
configure:3363: result: no
configure:3368: checking for suffix of object files
configure:3390: gcc -c   conftest.c >&5
configure:3394: $? = 0
configure:3415: result: o
configure:3419: checking whether we are using the GNU C compiler
configure:3438: gcc -c   conftest.c >&5
configure:3438: $? = 0
configure:3447: result: yes
configure:3456: checking whether gcc accepts -g
configure:3476: gcc -c -g  conftest.c >&5
configure:3476: $? = 0
configure:3517: result: yes
configure:3534: checking for gcc option to accept ISO C89
configure:3597: gcc  -c -g -O2  conftest.c >&5
configure:3597: $? = 0
configure:3610: result: none needed
configure:3641: checking for style of include used by make
configure:3669: result: GNU
configure:3697: checking dependency style of gcc
configure:3780: result: none
configure:3802: checking how to run the C preprocessor
configure:3833: gcc -E  conftest.c
configure:3833: $? = 0
configure:3847: gcc -E  conftest.c
conftest.c:11:28: fatal error: ac_nonexistent.h: No such file or directory
 #include <ac_nonexistent.h>
                            ^
compilation terminated.
configure:3847: $? = 1
configure: failed program was:
| /* confdefs.h */
| #define PACKAGE_NAME ""
| #define PACKAGE_TARNAME ""
| #define PACKAGE_VERSION ""
| #define PACKAGE_STRING ""
| #define PACKAGE_BUGREPORT ""
| #define PACKAGE_URL ""
| #define PACKAGE "netcat"
| #define VERSION "0.7.1"
| /* end confdefs.h.  */
| #include <ac_nonexistent.h>
configure:3872: result: gcc -E
configure:3892: gcc -E  conftest.c
configure:3892: $? = 0
configure:3906: gcc -E  conftest.c
conftest.c:11:28: fatal error: ac_nonexistent.h: No such file or directory
 #include <ac_nonexistent.h>
                            ^
compilation terminated.
configure:3906: $? = 1
configure: failed program was:
| /* confdefs.h */
| #define PACKAGE_NAME ""
| #define PACKAGE_TARNAME ""
| #define PACKAGE_VERSION ""
| #define PACKAGE_STRING ""
| #define PACKAGE_BUGREPORT ""
| #define PACKAGE_URL ""
| #define PACKAGE "netcat"
| #define VERSION "0.7.1"
| /* end confdefs.h.  */
| #include <ac_nonexistent.h>
configure:3977: checking for ranlib
configure:3993: found /usr/bin/ranlib
configure:4004: result: ranlib
configure:4032: checking for perl5
configure:4065: result: no
configure:4032: checking for perl
configure:4050: found /usr/bin/perl
configure:4062: result: /usr/bin/perl
configure:4076: checking for pod2man
configure:4094: found /usr/bin/pod2man
configure:4107: result: /usr/bin/pod2man
configure:4137: checking for msgfmt
configure:4165: result: /usr/bin/msgfmt
configure:4174: checking for gmsgfmt
configure:4205: result: /usr/bin/msgfmt
configure:4216: checking for xgettext
configure:4244: result: /usr/bin/xgettext
configure:4255: checking for msgmerge
configure:4282: result: /usr/bin/msgmerge
configure:4344: checking for ld used by GCC
configure:4407: result: /usr/bin/ld
configure:4414: checking if the linker (/usr/bin/ld) is GNU ld
GNU ld (GNU Binutils for Ubuntu) 2.24
configure:4426: result: yes
configure:4432: checking for shared library run path origin
configure:4445: result: done
configure:4863: checking whether NLS is requested
configure:4872: result: yes
configure:4889: checking for GNU gettext in libc
configure:4908: gcc -o conftest -g -O2   conftest.c  >&5
conftest.c: In function 'main':
conftest.c:18:8: warning: cast from pointer to integer of different size [-Wpointer-to-int-cast]
 return (int) gettext ("") + (int) ngettext ("", "", 0) + _nl_msg_cat_cntr + *_nl_domain_bindings
        ^
conftest.c:18:29: warning: cast from pointer to integer of different size [-Wpointer-to-int-cast]
 return (int) gettext ("") + (int) ngettext ("", "", 0) + _nl_msg_cat_cntr + *_nl_domain_bindings
                             ^
configure:4908: $? = 0
configure:4916: result: yes
configure:5549: checking for strerror in -lcposix
configure:5574: gcc -o conftest -g -O2   conftest.c -lcposix   >&5
/usr/bin/ld: cannot find -lcposix
collect2: error: ld returned 1 exit status
configure:5574: $? = 1
configure: failed program was:
| /* confdefs.h */
| #define PACKAGE_NAME ""
| #define PACKAGE_TARNAME ""
| #define PACKAGE_VERSION ""
| #define PACKAGE_STRING ""
| #define PACKAGE_BUGREPORT ""
| #define PACKAGE_URL ""
| #define PACKAGE "netcat"
| #define VERSION "0.7.1"
| #define ENABLE_NLS 1
| #define HAVE_GETTEXT 1
| #define HAVE_DCGETTEXT 1
| /* end confdefs.h.  */
| 
| /* Override any GCC internal prototype to avoid an error.
|    Use char because int might match the return type of a GCC
|    builtin and then its argument prototype would still apply.  */
| #ifdef __cplusplus
| extern "C"
| #endif
| char strerror ();
| int
| main ()
| {
| return strerror ();
|   ;
|   return 0;
| }
configure:5583: result: no
configure:5592: checking for grep that handles long lines and -e
configure:5650: result: /bin/grep
configure:5655: checking for egrep
configure:5717: result: /bin/grep -E
configure:5722: checking for ANSI C header files
configure:5742: gcc -c -g -O2  conftest.c >&5
configure:5742: $? = 0
configure:5815: gcc -o conftest -g -O2   conftest.c  >&5
configure:5815: $? = 0
configure:5815: ./conftest
configure:5815: $? = 0
configure:5826: result: yes
configure:5834: checking for an ANSI C-conforming const
configure:5900: gcc -c -g -O2  conftest.c >&5
configure:5900: $? = 0
configure:5907: result: yes
configure:5915: checking for inline
configure:5931: gcc -c -g -O2  conftest.c >&5
configure:5931: $? = 0
configure:5939: result: inline
configure:5962: checking for sys/types.h
configure:5962: gcc -c -g -O2  conftest.c >&5
configure:5962: $? = 0
configure:5962: result: yes
configure:5962: checking for sys/stat.h
configure:5962: gcc -c -g -O2  conftest.c >&5
configure:5962: $? = 0
configure:5962: result: yes
configure:5962: checking for stdlib.h
configure:5962: gcc -c -g -O2  conftest.c >&5
configure:5962: $? = 0
configure:5962: result: yes
configure:5962: checking for string.h
configure:5962: gcc -c -g -O2  conftest.c >&5
configure:5962: $? = 0
configure:5962: result: yes
configure:5962: checking for memory.h
configure:5962: gcc -c -g -O2  conftest.c >&5
configure:5962: $? = 0
configure:5962: result: yes
configure:5962: checking for strings.h
configure:5962: gcc -c -g -O2  conftest.c >&5
configure:5962: $? = 0
configure:5962: result: yes
configure:5962: checking for inttypes.h
configure:5962: gcc -c -g -O2  conftest.c >&5
configure:5962: $? = 0
configure:5962: result: yes
configure:5962: checking for stdint.h
configure:5962: gcc -c -g -O2  conftest.c >&5
configure:5962: $? = 0
configure:5962: result: yes
configure:5962: checking for unistd.h
configure:5962: gcc -c -g -O2  conftest.c >&5
configure:5962: $? = 0
configure:5962: result: yes
configure:5974: checking for off_t
configure:5974: gcc -c -g -O2  conftest.c >&5
configure:5974: $? = 0
configure:5974: gcc -c -g -O2  conftest.c >&5
conftest.c: In function 'main':
conftest.c:60:20: error: expected expression before ')' token
 if (sizeof ((off_t)))
                    ^
configure:5974: $? = 1
configure: failed program was:
| /* confdefs.h */
| #define PACKAGE_NAME ""
| #define PACKAGE_TARNAME ""
| #define PACKAGE_VERSION ""
| #define PACKAGE_STRING ""
| #define PACKAGE_BUGREPORT ""
| #define PACKAGE_URL ""
| #define PACKAGE "netcat"
| #define VERSION "0.7.1"
| #define ENABLE_NLS 1
| #define HAVE_GETTEXT 1
| #define HAVE_DCGETTEXT 1
| #define STDC_HEADERS 1
| #define HAVE_SYS_TYPES_H 1
| #define HAVE_SYS_STAT_H 1
| #define HAVE_STDLIB_H 1
| #define HAVE_STRING_H 1
| #define HAVE_MEMORY_H 1
| #define HAVE_STRINGS_H 1
| #define HAVE_INTTYPES_H 1
| #define HAVE_STDINT_H 1
| #define HAVE_UNISTD_H 1
| /* end confdefs.h.  */
| #include <stdio.h>
| #ifdef HAVE_SYS_TYPES_H
| # include <sys/types.h>
| #endif
| #ifdef HAVE_SYS_STAT_H
| # include <sys/stat.h>
| #endif
| #ifdef STDC_HEADERS
| # include <stdlib.h>
| # include <stddef.h>
| #else
| # ifdef HAVE_STDLIB_H
| #  include <stdlib.h>
| # endif
| #endif
| #ifdef HAVE_STRING_H
| # if !defined STDC_HEADERS && defined HAVE_MEMORY_H
| #  include <memory.h>
| # endif
| # include <string.h>
| #endif
| #ifdef HAVE_STRINGS_H
| # include <strings.h>
| #endif
| #ifdef HAVE_INTTYPES_H
| # include <inttypes.h>
| #endif
| #ifdef HAVE_STDINT_H
| # include <stdint.h>
| #endif
| #ifdef HAVE_UNISTD_H
| # include <unistd.h>
| #endif
| int
| main ()
| {
| if (sizeof ((off_t)))
| 	    return 0;
|   ;
|   return 0;
| }
configure:5974: result: yes
configure:5985: checking for size_t
configure:5985: gcc -c -g -O2  conftest.c >&5
configure:5985: $? = 0
configure:5985: gcc -c -g -O2  conftest.c >&5
conftest.c: In function 'main':
conftest.c:60:21: error: expected expression before ')' token
 if (sizeof ((size_t)))
                     ^
configure:5985: $? = 1
configure: failed program was:
| /* confdefs.h */
| #define PACKAGE_NAME ""
| #define PACKAGE_TARNAME ""
| #define PACKAGE_VERSION ""
| #define PACKAGE_STRING ""
| #define PACKAGE_BUGREPORT ""
| #define PACKAGE_URL ""
| #define PACKAGE "netcat"
| #define VERSION "0.7.1"
| #define ENABLE_NLS 1
| #define HAVE_GETTEXT 1
| #define HAVE_DCGETTEXT 1
| #define STDC_HEADERS 1
| #define HAVE_SYS_TYPES_H 1
| #define HAVE_SYS_STAT_H 1
| #define HAVE_STDLIB_H 1
| #define HAVE_STRING_H 1
| #define HAVE_MEMORY_H 1
| #define HAVE_STRINGS_H 1
| #define HAVE_INTTYPES_H 1
| #define HAVE_STDINT_H 1
| #define HAVE_UNISTD_H 1
| /* end confdefs.h.  */
| #include <stdio.h>
| #ifdef HAVE_SYS_TYPES_H
| # include <sys/types.h>
| #endif
| #ifdef HAVE_SYS_STAT_H
| # include <sys/stat.h>
| #endif
| #ifdef STDC_HEADERS
| # include <stdlib.h>
| # include <stddef.h>
| #else
| # ifdef HAVE_STDLIB_H
| #  include <stdlib.h>
| # endif
| #endif
| #ifdef HAVE_STRING_H
| # if !defined STDC_HEADERS && defined HAVE_MEMORY_H
| #  include <memory.h>
| # endif
| # include <string.h>
| #endif
| #ifdef HAVE_STRINGS_H
| # include <strings.h>
| #endif
| #ifdef HAVE_INTTYPES_H
| # include <inttypes.h>
| #endif
| #ifdef HAVE_STDINT_H
| # include <stdint.h>
| #endif
| #ifdef HAVE_UNISTD_H
| # include <unistd.h>
| #endif
| int
| main ()
| {
| if (sizeof ((size_t)))
| 	    return 0;
|   ;
|   return 0;
| }
configure:5985: result: yes
configure:5998: checking for working alloca.h
configure:6015: gcc -o conftest -g -O2   conftest.c  >&5
configure:6015: $? = 0
configure:6023: result: yes
configure:6031: checking for alloca
configure:6068: gcc -o conftest -g -O2   conftest.c  >&5
configure:6068: $? = 0
configure:6076: result: yes
configure:6188: checking for stdlib.h
configure:6188: result: yes
configure:6188: checking for unistd.h
configure:6188: result: yes
configure:6188: checking for sys/param.h
configure:6188: gcc -c -g -O2  conftest.c >&5
configure:6188: $? = 0
configure:6188: result: yes
configure:6208: checking for getpagesize
configure:6208: gcc -o conftest -g -O2   conftest.c  >&5
configure:6208: $? = 0
configure:6208: result: yes
configure:6217: checking for working mmap
configure:6364: gcc -o conftest -g -O2   conftest.c  >&5
configure:6364: $? = 0
configure:6364: ./conftest
configure:6364: $? = 0
configure:6374: result: yes
configure:6384: checking whether we are using the GNU C Library 2.1 or newer
configure:6411: result: yes
configure:6419: checking whether integer division by zero raises SIGFPE
configure:6476: gcc -o conftest -g -O2   conftest.c  >&5
conftest.c:49:5: warning: built-in function 'nan' declared as non-function [enabled by default]
 int nan;
     ^
configure:6476: $? = 0
configure:6476: ./conftest
configure:6476: $? = 0
configure:6487: result: yes
configure:6500: checking for inttypes.h
configure:6517: gcc -c -g -O2  conftest.c >&5
configure:6517: $? = 0
configure:6524: result: yes
configure:6535: checking for stdint.h
configure:6552: gcc -c -g -O2  conftest.c >&5
configure:6552: $? = 0
configure:6559: result: yes
configure:6570: checking for unsigned long long
configure:6587: gcc -o conftest -g -O2   conftest.c  >&5
configure:6587: $? = 0
configure:6595: result: yes
configure:6619: checking for inttypes.h
configure:6637: gcc -c -g -O2  conftest.c >&5
configure:6637: $? = 0
configure:6645: result: yes
configure:6658: checking whether the inttypes.h PRIxNN macros are broken
configure:6679: gcc -c -g -O2  conftest.c >&5
configure:6679: $? = 0
configure:6687: result: no
configure:6704: checking argz.h usability
configure:6704: gcc -c -g -O2  conftest.c >&5
configure:6704: $? = 0
configure:6704: result: yes
configure:6704: checking argz.h presence
configure:6704: gcc -E  conftest.c
configure:6704: $? = 0
configure:6704: result: yes
configure:6704: checking for argz.h
configure:6704: result: yes
configure:6704: checking limits.h usability
configure:6704: gcc -c -g -O2  conftest.c >&5
configure:6704: $? = 0
configure:6704: result: yes
configure:6704: checking limits.h presence
configure:6704: gcc -E  conftest.c
configure:6704: $? = 0
configure:6704: result: yes
configure:6704: checking for limits.h
configure:6704: result: yes
configure:6704: checking locale.h usability
configure:6704: gcc -c -g -O2  conftest.c >&5
configure:6704: $? = 0
configure:6704: result: yes
configure:6704: checking locale.h presence
configure:6704: gcc -E  conftest.c
configure:6704: $? = 0
configure:6704: result: yes
configure:6704: checking for locale.h
configure:6704: result: yes
configure:6704: checking nl_types.h usability
configure:6704: gcc -c -g -O2  conftest.c >&5
configure:6704: $? = 0
configure:6704: result: yes
configure:6704: checking nl_types.h presence
configure:6704: gcc -E  conftest.c
configure:6704: $? = 0
configure:6704: result: yes
configure:6704: checking for nl_types.h
configure:6704: result: yes
configure:6704: checking malloc.h usability
configure:6704: gcc -c -g -O2  conftest.c >&5
configure:6704: $? = 0
configure:6704: result: yes
configure:6704: checking malloc.h presence
configure:6704: gcc -E  conftest.c
configure:6704: $? = 0
configure:6704: result: yes
configure:6704: checking for malloc.h
configure:6704: result: yes
configure:6704: checking stddef.h usability
configure:6704: gcc -c -g -O2  conftest.c >&5
configure:6704: $? = 0
configure:6704: result: yes
configure:6704: checking stddef.h presence
configure:6704: gcc -E  conftest.c
configure:6704: $? = 0
configure:6704: result: yes
configure:6704: checking for stddef.h
configure:6704: result: yes
configure:6704: checking for stdlib.h
configure:6704: result: yes
configure:6704: checking for string.h
configure:6704: result: yes
configure:6704: checking for unistd.h
configure:6704: result: yes
configure:6704: checking for sys/param.h
configure:6704: result: yes
configure:6719: checking for feof_unlocked
configure:6719: gcc -o conftest -g -O2   conftest.c  >&5
configure:6719: $? = 0
configure:6719: result: yes
configure:6719: checking for fgets_unlocked
configure:6719: gcc -o conftest -g -O2   conftest.c  >&5
configure:6719: $? = 0
configure:6719: result: yes
configure:6719: checking for getc_unlocked
configure:6719: gcc -o conftest -g -O2   conftest.c  >&5
configure:6719: $? = 0
configure:6719: result: yes
configure:6719: checking for getcwd
configure:6719: gcc -o conftest -g -O2   conftest.c  >&5
configure:6719: $? = 0
configure:6719: result: yes
configure:6719: checking for getegid
configure:6719: gcc -o conftest -g -O2   conftest.c  >&5
configure:6719: $? = 0
configure:6719: result: yes
configure:6719: checking for geteuid
configure:6719: gcc -o conftest -g -O2   conftest.c  >&5
configure:6719: $? = 0
configure:6719: result: yes
configure:6719: checking for getgid
configure:6719: gcc -o conftest -g -O2   conftest.c  >&5
configure:6719: $? = 0
configure:6719: result: yes
configure:6719: checking for getuid
configure:6719: gcc -o conftest -g -O2   conftest.c  >&5
configure:6719: $? = 0
configure:6719: result: yes
configure:6719: checking for mempcpy
configure:6719: gcc -o conftest -g -O2   conftest.c  >&5
conftest.c:77:6: warning: conflicting types for built-in function 'mempcpy' [enabled by default]
 char mempcpy ();
      ^
configure:6719: $? = 0
configure:6719: result: yes
configure:6719: checking for munmap
configure:6719: gcc -o conftest -g -O2   conftest.c  >&5
configure:6719: $? = 0
configure:6719: result: yes
configure:6719: checking for putenv
configure:6719: gcc -o conftest -g -O2   conftest.c  >&5
configure:6719: $? = 0
configure:6719: result: yes
configure:6719: checking for setenv
configure:6719: gcc -o conftest -g -O2   conftest.c  >&5
configure:6719: $? = 0
configure:6719: result: yes
configure:6719: checking for setlocale
configure:6719: gcc -o conftest -g -O2   conftest.c  >&5
configure:6719: $? = 0
configure:6719: result: yes
configure:6719: checking for stpcpy
configure:6719: gcc -o conftest -g -O2   conftest.c  >&5
conftest.c:82:6: warning: conflicting types for built-in function 'stpcpy' [enabled by default]
 char stpcpy ();
      ^
configure:6719: $? = 0
configure:6719: result: yes
configure:6719: checking for strcasecmp
configure:6719: gcc -o conftest -g -O2   conftest.c  >&5
conftest.c:83:6: warning: conflicting types for built-in function 'strcasecmp' [enabled by default]
 char strcasecmp ();
      ^
configure:6719: $? = 0
configure:6719: result: yes
configure:6719: checking for strdup
configure:6719: gcc -o conftest -g -O2   conftest.c  >&5
conftest.c:84:6: warning: conflicting types for built-in function 'strdup' [enabled by default]
 char strdup ();
      ^
configure:6719: $? = 0
configure:6719: result: yes
configure:6719: checking for strtoul
configure:6719: gcc -o conftest -g -O2   conftest.c  >&5
configure:6719: $? = 0
configure:6719: result: yes
configure:6719: checking for tsearch
configure:6719: gcc -o conftest -g -O2   conftest.c  >&5
configure:6719: $? = 0
configure:6719: result: yes
configure:6719: checking for __argz_count
configure:6719: gcc -o conftest -g -O2   conftest.c  >&5
configure:6719: $? = 0
configure:6719: result: yes
configure:6719: checking for __argz_stringify
configure:6719: gcc -o conftest -g -O2   conftest.c  >&5
configure:6719: $? = 0
configure:6719: result: yes
configure:6719: checking for __argz_next
configure:6719: gcc -o conftest -g -O2   conftest.c  >&5
configure:6719: $? = 0
configure:6719: result: yes
configure:6759: checking for iconv
configure:6781: gcc -o conftest -g -O2   conftest.c  >&5
configure:6781: $? = 0
configure:6813: result: yes
configure:6834: checking for iconv declaration
configure:6863: gcc -c -g -O2  conftest.c >&5
configure:6863: $? = 0
configure:6874: result: 
         extern size_t iconv (iconv_t cd, char * *inbuf, size_t *inbytesleft, char * *outbuf, size_t *outbytesleft);
configure:6885: checking for nl_langinfo and CODESET
configure:6901: gcc -o conftest -g -O2   conftest.c  >&5
configure:6901: $? = 0
configure:6910: result: yes
configure:6920: checking for LC_MESSAGES
configure:6936: gcc -o conftest -g -O2   conftest.c  >&5
configure:6936: $? = 0
configure:6944: result: yes
configure:6958: checking for bison
configure:6974: found /usr/bin/bison
configure:6985: result: bison
configure:6999: checking version of bison
configure:7008: result: 3.0.2, ok
configure:7019: checking for gethostbyname
configure:7019: gcc -o conftest -g -O2   conftest.c  >&5
configure:7019: $? = 0
configure:7019: result: yes
configure:7208: checking for socket
configure:7208: gcc -o conftest -g -O2   conftest.c  >&5
configure:7208: $? = 0
configure:7208: result: yes
configure:7301: checking for putmsg in -lstr
configure:7326: gcc -o conftest -g -O2   conftest.c -lstr   >&5
/usr/bin/ld: cannot find -lstr
/tmp/ccYHRWHt.o: In function `main':
/home/mininet/netcat-mptcp/conftest.c:82: warning: putmsg is not implemented and will always fail
collect2: error: ld returned 1 exit status
configure:7326: $? = 1
configure: failed program was:
| /* confdefs.h */
| #define PACKAGE_NAME ""
| #define PACKAGE_TARNAME ""
| #define PACKAGE_VERSION ""
| #define PACKAGE_STRING ""
| #define PACKAGE_BUGREPORT ""
| #define PACKAGE_URL ""
| #define PACKAGE "netcat"
| #define VERSION "0.7.1"
| #define ENABLE_NLS 1
| #define HAVE_GETTEXT 1
| #define HAVE_DCGETTEXT 1
| #define STDC_HEADERS 1
| #define HAVE_SYS_TYPES_H 1
| #define HAVE_SYS_STAT_H 1
| #define HAVE_STDLIB_H 1
| #define HAVE_STRING_H 1
| #define HAVE_MEMORY_H 1
| #define HAVE_STRINGS_H 1
| #define HAVE_INTTYPES_H 1
| #define HAVE_STDINT_H 1
| #define HAVE_UNISTD_H 1
| #define HAVE_ALLOCA_H 1
| #define HAVE_ALLOCA 1
| #define HAVE_STDLIB_H 1
| #define HAVE_UNISTD_H 1
| #define HAVE_SYS_PARAM_H 1
| #define HAVE_GETPAGESIZE 1
| #define HAVE_MMAP 1
| #define INTDIV0_RAISES_SIGFPE 1
| #define HAVE_INTTYPES_H_WITH_UINTMAX 1
| #define HAVE_STDINT_H_WITH_UINTMAX 1
| #define HAVE_UNSIGNED_LONG_LONG 1
| #define HAVE_INTTYPES_H 1
| #define HAVE_ARGZ_H 1
| #define HAVE_LIMITS_H 1
| #define HAVE_LOCALE_H 1
| #define HAVE_NL_TYPES_H 1
| #define HAVE_MALLOC_H 1
| #define HAVE_STDDEF_H 1
| #define HAVE_STDLIB_H 1
| #define HAVE_STRING_H 1
| #define HAVE_UNISTD_H 1
| #define HAVE_SYS_PARAM_H 1
| #define HAVE_FEOF_UNLOCKED 1
| #define HAVE_FGETS_UNLOCKED 1
| #define HAVE_GETC_UNLOCKED 1
| #define HAVE_GETCWD 1
| #define HAVE_GETEGID 1
| #define HAVE_GETEUID 1
| #define HAVE_GETGID 1
| #define HAVE_GETUID 1
| #define HAVE_MEMPCPY 1
| #define HAVE_MUNMAP 1
| #define HAVE_PUTENV 1
| #define HAVE_SETENV 1
| #define HAVE_SETLOCALE 1
| #define HAVE_STPCPY 1
| #define HAVE_STRCASECMP 1
| #define HAVE_STRDUP 1
| #define HAVE_STRTOUL 1
| #define HAVE_TSEARCH 1
| #define HAVE___ARGZ_COUNT 1
| #define HAVE___ARGZ_STRINGIFY 1
| #define HAVE___ARGZ_NEXT 1
| #define HAVE_ICONV 1
| #define ICONV_CONST 
| #define HAVE_LANGINFO_CODESET 1
| #define HAVE_LC_MESSAGES 1
| /* end confdefs.h.  */
| 
| /* Override any GCC internal prototype to avoid an error.
|    Use char because int might match the return type of a GCC
|    builtin and then its argument prototype would still apply.  */
| #ifdef __cplusplus
| extern "C"
| #endif
| char putmsg ();
| int
| main ()
| {
| return putmsg ();
|   ;
|   return 0;
| }
configure:7335: result: no
configure:7350: checking sys/sockio.h usability
configure:7350: gcc -c -g -O2  conftest.c >&5
conftest.c:104:24: fatal error: sys/sockio.h: No such file or directory
 #include <sys/sockio.h>
                        ^
compilation terminated.
configure:7350: $? = 1
configure: failed program was:
| /* confdefs.h */
| #define PACKAGE_NAME ""
| #define PACKAGE_TARNAME ""
| #define PACKAGE_VERSION ""
| #define PACKAGE_STRING ""
| #define PACKAGE_BUGREPORT ""
| #define PACKAGE_URL ""
| #define PACKAGE "netcat"
| #define VERSION "0.7.1"
| #define ENABLE_NLS 1
| #define HAVE_GETTEXT 1
| #define HAVE_DCGETTEXT 1
| #define STDC_HEADERS 1
| #define HAVE_SYS_TYPES_H 1
| #define HAVE_SYS_STAT_H 1
| #define HAVE_STDLIB_H 1
| #define HAVE_STRING_H 1
| #define HAVE_MEMORY_H 1
| #define HAVE_STRINGS_H 1
| #define HAVE_INTTYPES_H 1
| #define HAVE_STDINT_H 1
| #define HAVE_UNISTD_H 1
| #define HAVE_ALLOCA_H 1
| #define HAVE_ALLOCA 1
| #define HAVE_STDLIB_H 1
| #define HAVE_UNISTD_H 1
| #define HAVE_SYS_PARAM_H 1
| #define HAVE_GETPAGESIZE 1
| #define HAVE_MMAP 1
| #define INTDIV0_RAISES_SIGFPE 1
| #define HAVE_INTTYPES_H_WITH_UINTMAX 1
| #define HAVE_STDINT_H_WITH_UINTMAX 1
| #define HAVE_UNSIGNED_LONG_LONG 1
| #define HAVE_INTTYPES_H 1
| #define HAVE_ARGZ_H 1
| #define HAVE_LIMITS_H 1
| #define HAVE_LOCALE_H 1
| #define HAVE_NL_TYPES_H 1
| #define HAVE_MALLOC_H 1
| #define HAVE_STDDEF_H 1
| #define HAVE_STDLIB_H 1
| #define HAVE_STRING_H 1
| #define HAVE_UNISTD_H 1
| #define HAVE_SYS_PARAM_H 1
| #define HAVE_FEOF_UNLOCKED 1
| #define HAVE_FGETS_UNLOCKED 1
| #define HAVE_GETC_UNLOCKED 1
| #define HAVE_GETCWD 1
| #define HAVE_GETEGID 1
| #define HAVE_GETEUID 1
| #define HAVE_GETGID 1
| #define HAVE_GETUID 1
| #define HAVE_MEMPCPY 1
| #define HAVE_MUNMAP 1
| #define HAVE_PUTENV 1
| #define HAVE_SETENV 1
| #define HAVE_SETLOCALE 1
| #define HAVE_STPCPY 1
| #define HAVE_STRCASECMP 1
| #define HAVE_STRDUP 1
| #define HAVE_STRTOUL 1
| #define HAVE_TSEARCH 1
| #define HAVE___ARGZ_COUNT 1
| #define HAVE___ARGZ_STRINGIFY 1
| #define HAVE___ARGZ_NEXT 1
| #define HAVE_ICONV 1
| #define ICONV_CONST 
| #define HAVE_LANGINFO_CODESET 1
| #define HAVE_LC_MESSAGES 1
| /* end confdefs.h.  */
| #include <stdio.h>
| #ifdef HAVE_SYS_TYPES_H
| # include <sys/types.h>
| #endif
| #ifdef HAVE_SYS_STAT_H
| # include <sys/stat.h>
| #endif
| #ifdef STDC_HEADERS
| # include <stdlib.h>
| # include <stddef.h>
| #else
| # ifdef HAVE_STDLIB_H
| #  include <stdlib.h>
| # endif
| #endif
| #ifdef HAVE_STRING_H
| # if !defined STDC_HEADERS && defined HAVE_MEMORY_H
| #  include <memory.h>
| # endif
| # include <string.h>
| #endif
| #ifdef HAVE_STRINGS_H
| # include <strings.h>
| #endif
| #ifdef HAVE_INTTYPES_H
| # include <inttypes.h>
| #endif
| #ifdef HAVE_STDINT_H
| # include <stdint.h>
| #endif
| #ifdef HAVE_UNISTD_H
| # include <unistd.h>
| #endif
| #include <sys/sockio.h>
configure:7350: result: no
configure:7350: checking sys/sockio.h presence
configure:7350: gcc -E  conftest.c
conftest.c:71:24: fatal error: sys/sockio.h: No such file or directory
 #include <sys/sockio.h>
                        ^
compilation terminated.
configure:7350: $? = 1
configure: failed program was:
| /* confdefs.h */
| #define PACKAGE_NAME ""
| #define PACKAGE_TARNAME ""
| #define PACKAGE_VERSION ""
| #define PACKAGE_STRING ""
| #define PACKAGE_BUGREPORT ""
| #define PACKAGE_URL ""
| #define PACKAGE "netcat"
| #define VERSION "0.7.1"
| #define ENABLE_NLS 1
| #define HAVE_GETTEXT 1
| #define HAVE_DCGETTEXT 1
| #define STDC_HEADERS 1
| #define HAVE_SYS_TYPES_H 1
| #define HAVE_SYS_STAT_H 1
| #define HAVE_STDLIB_H 1
| #define HAVE_STRING_H 1
| #define HAVE_MEMORY_H 1
| #define HAVE_STRINGS_H 1
| #define HAVE_INTTYPES_H 1
| #define HAVE_STDINT_H 1
| #define HAVE_UNISTD_H 1
| #define HAVE_ALLOCA_H 1
| #define HAVE_ALLOCA 1
| #define HAVE_STDLIB_H 1
| #define HAVE_UNISTD_H 1
| #define HAVE_SYS_PARAM_H 1
| #define HAVE_GETPAGESIZE 1
| #define HAVE_MMAP 1
| #define INTDIV0_RAISES_SIGFPE 1
| #define HAVE_INTTYPES_H_WITH_UINTMAX 1
| #define HAVE_STDINT_H_WITH_UINTMAX 1
| #define HAVE_UNSIGNED_LONG_LONG 1
| #define HAVE_INTTYPES_H 1
| #define HAVE_ARGZ_H 1
| #define HAVE_LIMITS_H 1
| #define HAVE_LOCALE_H 1
| #define HAVE_NL_TYPES_H 1
| #define HAVE_MALLOC_H 1
| #define HAVE_STDDEF_H 1
| #define HAVE_STDLIB_H 1
| #define HAVE_STRING_H 1
| #define HAVE_UNISTD_H 1
| #define HAVE_SYS_PARAM_H 1
| #define HAVE_FEOF_UNLOCKED 1
| #define HAVE_FGETS_UNLOCKED 1
| #define HAVE_GETC_UNLOCKED 1
| #define HAVE_GETCWD 1
| #define HAVE_GETEGID 1
| #define HAVE_GETEUID 1
| #define HAVE_GETGID 1
| #define HAVE_GETUID 1
| #define HAVE_MEMPCPY 1
| #define HAVE_MUNMAP 1
| #define HAVE_PUTENV 1
| #define HAVE_SETENV 1
| #define HAVE_SETLOCALE 1
| #define HAVE_STPCPY 1
| #define HAVE_STRCASECMP 1
| #define HAVE_STRDUP 1
| #define HAVE_STRTOUL 1
| #define HAVE_TSEARCH 1
| #define HAVE___ARGZ_COUNT 1
| #define HAVE___ARGZ_STRINGIFY 1
| #define HAVE___ARGZ_NEXT 1
| #define HAVE_ICONV 1
| #define ICONV_CONST 
| #define HAVE_LANGINFO_CODESET 1
| #define HAVE_LC_MESSAGES 1
| /* end confdefs.h.  */
| #include <sys/sockio.h>
configure:7350: result: no
configure:7350: checking for sys/sockio.h
configure:7350: result: no
configure:7364: checking for srandom
configure:7364: gcc -o conftest -g -O2   conftest.c  >&5
configure:7364: $? = 0
configure:7364: result: yes
configure:7364: checking for random
configure:7364: gcc -o conftest -g -O2   conftest.c  >&5
configure:7364: $? = 0
configure:7364: result: yes
configure:7392: checking for inet_pton
configure:7392: gcc -o conftest -g -O2   conftest.c  >&5
configure:7392: $? = 0
configure:7392: result: yes
configure:7392: checking for inet_ntop
configure:7392: gcc -o conftest -g -O2   conftest.c  >&5
configure:7392: $? = 0
configure:7392: result: yes
configure:7402: checking for struct sockaddr.sa_len
configure:7402: gcc -c -g -O2  conftest.c >&5
conftest.c: In function 'main':
conftest.c:82:12: error: 'struct sockaddr' has no member named 'sa_len'
 if (ac_aggr.sa_len)
            ^
configure:7402: $? = 1
configure: failed program was:
| /* confdefs.h */
| #define PACKAGE_NAME ""
| #define PACKAGE_TARNAME ""
| #define PACKAGE_VERSION ""
| #define PACKAGE_STRING ""
| #define PACKAGE_BUGREPORT ""
| #define PACKAGE_URL ""
| #define PACKAGE "netcat"
| #define VERSION "0.7.1"
| #define ENABLE_NLS 1
| #define HAVE_GETTEXT 1
| #define HAVE_DCGETTEXT 1
| #define STDC_HEADERS 1
| #define HAVE_SYS_TYPES_H 1
| #define HAVE_SYS_STAT_H 1
| #define HAVE_STDLIB_H 1
| #define HAVE_STRING_H 1
| #define HAVE_MEMORY_H 1
| #define HAVE_STRINGS_H 1
| #define HAVE_INTTYPES_H 1
| #define HAVE_STDINT_H 1
| #define HAVE_UNISTD_H 1
| #define HAVE_ALLOCA_H 1
| #define HAVE_ALLOCA 1
| #define HAVE_STDLIB_H 1
| #define HAVE_UNISTD_H 1
| #define HAVE_SYS_PARAM_H 1
| #define HAVE_GETPAGESIZE 1
| #define HAVE_MMAP 1
| #define INTDIV0_RAISES_SIGFPE 1
| #define HAVE_INTTYPES_H_WITH_UINTMAX 1
| #define HAVE_STDINT_H_WITH_UINTMAX 1
| #define HAVE_UNSIGNED_LONG_LONG 1
| #define HAVE_INTTYPES_H 1
| #define HAVE_ARGZ_H 1
| #define HAVE_LIMITS_H 1
| #define HAVE_LOCALE_H 1
| #define HAVE_NL_TYPES_H 1
| #define HAVE_MALLOC_H 1
| #define HAVE_STDDEF_H 1
| #define HAVE_STDLIB_H 1
| #define HAVE_STRING_H 1
| #define HAVE_UNISTD_H 1
| #define HAVE_SYS_PARAM_H 1
| #define HAVE_FEOF_UNLOCKED 1
| #define HAVE_FGETS_UNLOCKED 1
| #define HAVE_GETC_UNLOCKED 1
| #define HAVE_GETCWD 1
| #define HAVE_GETEGID 1
| #define HAVE_GETEUID 1
| #define HAVE_GETGID 1
| #define HAVE_GETUID 1
| #define HAVE_MEMPCPY 1
| #define HAVE_MUNMAP 1
| #define HAVE_PUTENV 1
| #define HAVE_SETENV 1
| #define HAVE_SETLOCALE 1
| #define HAVE_STPCPY 1
| #define HAVE_STRCASECMP 1
| #define HAVE_STRDUP 1
| #define HAVE_STRTOUL 1
| #define HAVE_TSEARCH 1
| #define HAVE___ARGZ_COUNT 1
| #define HAVE___ARGZ_STRINGIFY 1
| #define HAVE___ARGZ_NEXT 1
| #define HAVE_ICONV 1
| #define ICONV_CONST 
| #define HAVE_LANGINFO_CODESET 1
| #define HAVE_LC_MESSAGES 1
| #define HAVE_SRANDOM 1
| #define HAVE_RANDOM 1
| #define HAVE_INET_PTON 1
| #define HAVE_INET_NTOP 1
| /* end confdefs.h.  */
| #include <sys/types.h>
| #include <sys/socket.h>
| 
| int
| main ()
| {
| static struct sockaddr ac_aggr;
| if (ac_aggr.sa_len)
| return 0;
|   ;
|   return 0;
| }
configure:7402: gcc -c -g -O2  conftest.c >&5
conftest.c: In function 'main':
conftest.c:82:19: error: 'struct sockaddr' has no member named 'sa_len'
 if (sizeof ac_aggr.sa_len)
                   ^
configure:7402: $? = 1
configure: failed program was:
| /* confdefs.h */
| #define PACKAGE_NAME ""
| #define PACKAGE_TARNAME ""
| #define PACKAGE_VERSION ""
| #define PACKAGE_STRING ""
| #define PACKAGE_BUGREPORT ""
| #define PACKAGE_URL ""
| #define PACKAGE "netcat"
| #define VERSION "0.7.1"
| #define ENABLE_NLS 1
| #define HAVE_GETTEXT 1
| #define HAVE_DCGETTEXT 1
| #define STDC_HEADERS 1
| #define HAVE_SYS_TYPES_H 1
| #define HAVE_SYS_STAT_H 1
| #define HAVE_STDLIB_H 1
| #define HAVE_STRING_H 1
| #define HAVE_MEMORY_H 1
| #define HAVE_STRINGS_H 1
| #define HAVE_INTTYPES_H 1
| #define HAVE_STDINT_H 1
| #define HAVE_UNISTD_H 1
| #define HAVE_ALLOCA_H 1
| #define HAVE_ALLOCA 1
| #define HAVE_STDLIB_H 1
| #define HAVE_UNISTD_H 1
| #define HAVE_SYS_PARAM_H 1
| #define HAVE_GETPAGESIZE 1
| #define HAVE_MMAP 1
| #define INTDIV0_RAISES_SIGFPE 1
| #define HAVE_INTTYPES_H_WITH_UINTMAX 1
| #define HAVE_STDINT_H_WITH_UINTMAX 1
| #define HAVE_UNSIGNED_LONG_LONG 1
| #define HAVE_INTTYPES_H 1
| #define HAVE_ARGZ_H 1
| #define HAVE_LIMITS_H 1
| #define HAVE_LOCALE_H 1
| #define HAVE_NL_TYPES_H 1
| #define HAVE_MALLOC_H 1
| #define HAVE_STDDEF_H 1
| #define HAVE_STDLIB_H 1
| #define HAVE_STRING_H 1
| #define HAVE_UNISTD_H 1
| #define HAVE_SYS_PARAM_H 1
| #define HAVE_FEOF_UNLOCKED 1
| #define HAVE_FGETS_UNLOCKED 1
| #define HAVE_GETC_UNLOCKED 1
| #define HAVE_GETCWD 1
| #define HAVE_GETEGID 1
| #define HAVE_GETEUID 1
| #define HAVE_GETGID 1
| #define HAVE_GETUID 1
| #define HAVE_MEMPCPY 1
| #define HAVE_MUNMAP 1
| #define HAVE_PUTENV 1
| #define HAVE_SETENV 1
| #define HAVE_SETLOCALE 1
| #define HAVE_STPCPY 1
| #define HAVE_STRCASECMP 1
| #define HAVE_STRDUP 1
| #define HAVE_STRTOUL 1
| #define HAVE_TSEARCH 1
| #define HAVE___ARGZ_COUNT 1
| #define HAVE___ARGZ_STRINGIFY 1
| #define HAVE___ARGZ_NEXT 1
| #define HAVE_ICONV 1
| #define ICONV_CONST 
| #define HAVE_LANGINFO_CODESET 1
| #define HAVE_LC_MESSAGES 1
| #define HAVE_SRANDOM 1
| #define HAVE_RANDOM 1
| #define HAVE_INET_PTON 1
| #define HAVE_INET_NTOP 1
| /* end confdefs.h.  */
| #include <sys/types.h>
| #include <sys/socket.h>
| 
| int
| main ()
| {
| static struct sockaddr ac_aggr;
| if (sizeof ac_aggr.sa_len)
| return 0;
|   ;
|   return 0;
| }
configure:7402: result: no
configure:7415: checking for struct in_pktinfo
configure:7415: gcc -c -g -O2  conftest.c >&5
configure:7415: $? = 0
configure:7415: gcc -c -g -O2  conftest.c >&5
conftest.c: In function 'main':
conftest.c:81:32: error: expected expression before ')' token
 if (sizeof ((struct in_pktinfo)))
                                ^
configure:7415: $? = 1
configure: failed program was:
| /* confdefs.h */
| #define PACKAGE_NAME ""
| #define PACKAGE_TARNAME ""
| #define PACKAGE_VERSION ""
| #define PACKAGE_STRING ""
| #define PACKAGE_BUGREPORT ""
| #define PACKAGE_URL ""
| #define PACKAGE "netcat"
| #define VERSION "0.7.1"
| #define ENABLE_NLS 1
| #define HAVE_GETTEXT 1
| #define HAVE_DCGETTEXT 1
| #define STDC_HEADERS 1
| #define HAVE_SYS_TYPES_H 1
| #define HAVE_SYS_STAT_H 1
| #define HAVE_STDLIB_H 1
| #define HAVE_STRING_H 1
| #define HAVE_MEMORY_H 1
| #define HAVE_STRINGS_H 1
| #define HAVE_INTTYPES_H 1
| #define HAVE_STDINT_H 1
| #define HAVE_UNISTD_H 1
| #define HAVE_ALLOCA_H 1
| #define HAVE_ALLOCA 1
| #define HAVE_STDLIB_H 1
| #define HAVE_UNISTD_H 1
| #define HAVE_SYS_PARAM_H 1
| #define HAVE_GETPAGESIZE 1
| #define HAVE_MMAP 1
| #define INTDIV0_RAISES_SIGFPE 1
| #define HAVE_INTTYPES_H_WITH_UINTMAX 1
| #define HAVE_STDINT_H_WITH_UINTMAX 1
| #define HAVE_UNSIGNED_LONG_LONG 1
| #define HAVE_INTTYPES_H 1
| #define HAVE_ARGZ_H 1
| #define HAVE_LIMITS_H 1
| #define HAVE_LOCALE_H 1
| #define HAVE_NL_TYPES_H 1
| #define HAVE_MALLOC_H 1
| #define HAVE_STDDEF_H 1
| #define HAVE_STDLIB_H 1
| #define HAVE_STRING_H 1
| #define HAVE_UNISTD_H 1
| #define HAVE_SYS_PARAM_H 1
| #define HAVE_FEOF_UNLOCKED 1
| #define HAVE_FGETS_UNLOCKED 1
| #define HAVE_GETC_UNLOCKED 1
| #define HAVE_GETCWD 1
| #define HAVE_GETEGID 1
| #define HAVE_GETEUID 1
| #define HAVE_GETGID 1
| #define HAVE_GETUID 1
| #define HAVE_MEMPCPY 1
| #define HAVE_MUNMAP 1
| #define HAVE_PUTENV 1
| #define HAVE_SETENV 1
| #define HAVE_SETLOCALE 1
| #define HAVE_STPCPY 1
| #define HAVE_STRCASECMP 1
| #define HAVE_STRDUP 1
| #define HAVE_STRTOUL 1
| #define HAVE_TSEARCH 1
| #define HAVE___ARGZ_COUNT 1
| #define HAVE___ARGZ_STRINGIFY 1
| #define HAVE___ARGZ_NEXT 1
| #define HAVE_ICONV 1
| #define ICONV_CONST 
| #define HAVE_LANGINFO_CODESET 1
| #define HAVE_LC_MESSAGES 1
| #define HAVE_SRANDOM 1
| #define HAVE_RANDOM 1
| #define HAVE_INET_PTON 1
| #define HAVE_INET_NTOP 1
| /* end confdefs.h.  */
| #include <sys/types.h>
| #include <netinet/in.h>
| 
| int
| main ()
| {
| if (sizeof ((struct in_pktinfo)))
| 	    return 0;
|   ;
|   return 0;
| }
configure:7415: result: yes
configure:7426: checking for in_port_t
configure:7426: gcc -c -g -O2  conftest.c >&5
configure:7426: $? = 0
configure:7426: gcc -c -g -O2  conftest.c >&5
conftest.c: In function 'main':
conftest.c:82:24: error: expected expression before ')' token
 if (sizeof ((in_port_t)))
                        ^
configure:7426: $? = 1
configure: failed program was:
| /* confdefs.h */
| #define PACKAGE_NAME ""
| #define PACKAGE_TARNAME ""
| #define PACKAGE_VERSION ""
| #define PACKAGE_STRING ""
| #define PACKAGE_BUGREPORT ""
| #define PACKAGE_URL ""
| #define PACKAGE "netcat"
| #define VERSION "0.7.1"
| #define ENABLE_NLS 1
| #define HAVE_GETTEXT 1
| #define HAVE_DCGETTEXT 1
| #define STDC_HEADERS 1
| #define HAVE_SYS_TYPES_H 1
| #define HAVE_SYS_STAT_H 1
| #define HAVE_STDLIB_H 1
| #define HAVE_STRING_H 1
| #define HAVE_MEMORY_H 1
| #define HAVE_STRINGS_H 1
| #define HAVE_INTTYPES_H 1
| #define HAVE_STDINT_H 1
| #define HAVE_UNISTD_H 1
| #define HAVE_ALLOCA_H 1
| #define HAVE_ALLOCA 1
| #define HAVE_STDLIB_H 1
| #define HAVE_UNISTD_H 1
| #define HAVE_SYS_PARAM_H 1
| #define HAVE_GETPAGESIZE 1
| #define HAVE_MMAP 1
| #define INTDIV0_RAISES_SIGFPE 1
| #define HAVE_INTTYPES_H_WITH_UINTMAX 1
| #define HAVE_STDINT_H_WITH_UINTMAX 1
| #define HAVE_UNSIGNED_LONG_LONG 1
| #define HAVE_INTTYPES_H 1
| #define HAVE_ARGZ_H 1
| #define HAVE_LIMITS_H 1
| #define HAVE_LOCALE_H 1
| #define HAVE_NL_TYPES_H 1
| #define HAVE_MALLOC_H 1
| #define HAVE_STDDEF_H 1
| #define HAVE_STDLIB_H 1
| #define HAVE_STRING_H 1
| #define HAVE_UNISTD_H 1
| #define HAVE_SYS_PARAM_H 1
| #define HAVE_FEOF_UNLOCKED 1
| #define HAVE_FGETS_UNLOCKED 1
| #define HAVE_GETC_UNLOCKED 1
| #define HAVE_GETCWD 1
| #define HAVE_GETEGID 1
| #define HAVE_GETEUID 1
| #define HAVE_GETGID 1
| #define HAVE_GETUID 1
| #define HAVE_MEMPCPY 1
| #define HAVE_MUNMAP 1
| #define HAVE_PUTENV 1
| #define HAVE_SETENV 1
| #define HAVE_SETLOCALE 1
| #define HAVE_STPCPY 1
| #define HAVE_STRCASECMP 1
| #define HAVE_STRDUP 1
| #define HAVE_STRTOUL 1
| #define HAVE_TSEARCH 1
| #define HAVE___ARGZ_COUNT 1
| #define HAVE___ARGZ_STRINGIFY 1
| #define HAVE___ARGZ_NEXT 1
| #define HAVE_ICONV 1
| #define ICONV_CONST 
| #define HAVE_LANGINFO_CODESET 1
| #define HAVE_LC_MESSAGES 1
| #define HAVE_SRANDOM 1
| #define HAVE_RANDOM 1
| #define HAVE_INET_PTON 1
| #define HAVE_INET_NTOP 1
| #define HAVE_STRUCT_IN_PKTINFO 1
| /* end confdefs.h.  */
| #include <sys/types.h>
| #include <netinet/in.h>
| 
| int
| main ()
| {
| if (sizeof ((in_port_t)))
| 	    return 0;
|   ;
|   return 0;
| }
configure:7426: result: yes
configure:7516: checking for getopt_long
configure:7516: gcc -o conftest -g -O2 -Wall   conftest.c  >&5
configure:7516: $? = 0
configure:7516: result: yes
configure:7679: creating ./config.status

## ---------------- ##
## Cache variables. ##
## ---------------- ##

ac_cv_build=x86_64-unknown-linux-gnu
ac_cv_c_compiler_gnu=yes
ac_cv_c_const=yes
ac_cv_c_inline=inline
ac_cv_env_CC_set=
ac_cv_env_CC_value=
ac_cv_env_CFLAGS_set=
ac_cv_env_CFLAGS_value=
ac_cv_env_CPPFLAGS_set=
ac_cv_env_CPPFLAGS_value=
ac_cv_env_CPP_set=
ac_cv_env_CPP_value=
ac_cv_env_LDFLAGS_set=
ac_cv_env_LDFLAGS_value=
ac_cv_env_LIBS_set=
ac_cv_env_LIBS_value=
ac_cv_env_build_alias_set=
ac_cv_env_build_alias_value=
ac_cv_env_host_alias_set=
ac_cv_env_host_alias_value=
ac_cv_env_target_alias_set=
ac_cv_env_target_alias_value=
ac_cv_func___argz_count=yes
ac_cv_func___argz_next=yes
ac_cv_func___argz_stringify=yes
ac_cv_func_alloca_works=yes
ac_cv_func_feof_unlocked=yes
ac_cv_func_fgets_unlocked=yes
ac_cv_func_getc_unlocked=yes
ac_cv_func_getcwd=yes
ac_cv_func_getegid=yes
ac_cv_func_geteuid=yes
ac_cv_func_getgid=yes
ac_cv_func_gethostbyname=yes
ac_cv_func_getopt_long=yes
ac_cv_func_getpagesize=yes
ac_cv_func_getuid=yes
ac_cv_func_inet_ntop=yes
ac_cv_func_inet_pton=yes
ac_cv_func_mempcpy=yes
ac_cv_func_mmap_fixed_mapped=yes
ac_cv_func_munmap=yes
ac_cv_func_putenv=yes
ac_cv_func_random=yes
ac_cv_func_setenv=yes
ac_cv_func_setlocale=yes
ac_cv_func_socket=yes
ac_cv_func_srandom=yes
ac_cv_func_stpcpy=yes
ac_cv_func_strcasecmp=yes
ac_cv_func_strdup=yes
ac_cv_func_strtoul=yes
ac_cv_func_tsearch=yes
ac_cv_gnu_library_2_1=yes
ac_cv_header_argz_h=yes
ac_cv_header_inttypes_h=yes
ac_cv_header_limits_h=yes
ac_cv_header_locale_h=yes
ac_cv_header_malloc_h=yes
ac_cv_header_memory_h=yes
ac_cv_header_nl_types_h=yes
ac_cv_header_stdc=yes
ac_cv_header_stddef_h=yes
ac_cv_header_stdint_h=yes
ac_cv_header_stdlib_h=yes
ac_cv_header_string_h=yes
ac_cv_header_strings_h=yes
ac_cv_header_sys_param_h=yes
ac_cv_header_sys_sockio_h=no
ac_cv_header_sys_stat_h=yes
ac_cv_header_sys_types_h=yes
ac_cv_header_unistd_h=yes
ac_cv_host=x86_64-unknown-linux-gnu
ac_cv_lib_cposix_strerror=no
ac_cv_lib_str_putmsg=no
ac_cv_member_struct_sockaddr_sa_len=no
ac_cv_objext=o
ac_cv_path_EGREP='/bin/grep -E'
ac_cv_path_GMSGFMT=/usr/bin/msgfmt
ac_cv_path_GREP=/bin/grep
ac_cv_path_MSGFMT=/usr/bin/msgfmt
ac_cv_path_MSGMERGE=/usr/bin/msgmerge
ac_cv_path_PERL=/usr/bin/perl
ac_cv_path_POD2MAN=/usr/bin/pod2man
ac_cv_path_XGETTEXT=/usr/bin/xgettext
ac_cv_path_install='/usr/bin/install -c'
ac_cv_prog_AWK=mawk
ac_cv_prog_CPP='gcc -E'
ac_cv_prog_INTLBISON=bison
ac_cv_prog_ac_ct_CC=gcc
ac_cv_prog_ac_ct_RANLIB=ranlib
ac_cv_prog_cc_c89=
ac_cv_prog_cc_g=yes
ac_cv_prog_make_make_set=yes
ac_cv_target=x86_64-unknown-linux-gnu
ac_cv_type_in_port_t=yes
ac_cv_type_off_t=yes
ac_cv_type_size_t=yes
ac_cv_type_struct_in_pktinfo=yes
ac_cv_type_unsigned_long_long=yes
ac_cv_working_alloca_h=yes
acl_cv_hardcode_direct=no
acl_cv_hardcode_libdir_flag_spec='${wl}-rpath ${wl}$libdir'
acl_cv_hardcode_libdir_separator=
acl_cv_hardcode_minus_L=no
acl_cv_libext=a
acl_cv_path_LD=/usr/bin/ld
acl_cv_prog_gnu_ld=yes
acl_cv_rpath=done
acl_cv_shlibext=so
acl_cv_sys_lib_dlsearch_path_spec='/lib /usr/lib'
acl_cv_sys_lib_search_path_spec='/lib /usr/lib /usr/local/lib'
acl_cv_wl=-Wl,
am_cv_CC_dependencies_compiler_type=none
am_cv_func_iconv=yes
am_cv_langinfo_codeset=yes
am_cv_lib_iconv=no
am_cv_proto_iconv='extern size_t iconv (iconv_t cd, char * *inbuf, size_t *inbytesleft, char * *outbuf, size_t *outbytesleft);'
am_cv_proto_iconv_arg1=
am_cv_val_LC_MESSAGES=yes
gt_cv_func_gnugettext2_libc=yes
gt_cv_header_inttypes_h=yes
gt_cv_int_divbyzero_sigfpe=yes
gt_cv_inttypes_pri_broken=no
jm_ac_cv_header_inttypes_h=yes
jm_ac_cv_header_stdint_h=yes

## ----------------- ##
## Output variables. ##
## ----------------- ##

ACLOCAL='${SHELL} /home/mininet/netcat-mptcp/missing --run aclocal-1.7'
ALLOCA=''
AMDEPBACKSLASH='\'
AMDEP_FALSE='#'
AMDEP_TRUE=''
AMTAR='${SHELL} /home/mininet/netcat-mptcp/missing --run tar'
AUTOCONF='${SHELL} /home/mininet/netcat-mptcp/missing --run autoconf'
AUTOHEADER='${SHELL} /home/mininet/netcat-mptcp/missing --run autoheader'
AUTOMAKE='${SHELL} /home/mininet/netcat-mptcp/missing --run automake-1.7'
AWK='mawk'
CC='gcc'
CCDEPMODE='depmode=none'
CFLAGS='-g -O2 -Wall'
CONTRIBLIBS=''
CPP='gcc -E'
CPPFLAGS=''
CYGPATH_W='echo'
DEFS='-DHAVE_CONFIG_H'
DEPDIR='.deps'
ECHO_C=''
ECHO_N='-n'
ECHO_T=''
EGREP='/bin/grep -E'
EXEEXT=''
GLIBC21='yes'
GMSGFMT='/usr/bin/msgfmt'
GREP='/bin/grep'
INSTALL_DATA='${INSTALL} -m 644'
INSTALL_PROGRAM='${INSTALL}'
INSTALL_SCRIPT='${INSTALL}'
INSTALL_STRIP_PROGRAM='${SHELL} $(install_sh) -c -s'
INTLBISON='bison'
INTLLIBS=''
LDFLAGS=''
LIBICONV=''
LIBINTL=''
LIBOBJS=''
LIBS=''
LTLIBICONV=''
LTLIBINTL=''
LTLIBOBJS=''
MAKEINFO='${SHELL} /home/mininet/netcat-mptcp/missing --run makeinfo'
MKINSTALLDIRS='./mkinstalldirs'
MSGFMT='/usr/bin/msgfmt'
MSGMERGE='/usr/bin/msgmerge'
NEED_GETOPT_FALSE=''
NEED_GETOPT_TRUE='#'
OBJEXT='o'
PACKAGE='netcat'
PACKAGE_BUGREPORT=''
PACKAGE_NAME=''
PACKAGE_STRING=''
PACKAGE_TARNAME=''
PACKAGE_URL=''
PACKAGE_VERSION=''
PATH_SEPARATOR=':'
PERL='/usr/bin/perl'
POD2MAN='/usr/bin/pod2man'
POSUB='po'
RANLIB='ranlib'
SET_MAKE=''
SHELL='/bin/bash'
STRIP=''
USE_NLS='yes'
VERSION='0.7.1'
XGETTEXT='/usr/bin/xgettext'
ac_ct_CC='gcc'
all_includes=' '
all_libraries=' '
am__fastdepCC_FALSE=''
am__fastdepCC_TRUE='#'
am__include='include'
am__leading_dot='.'
am__quote=''
bindir='${exec_prefix}/bin'
build='x86_64-unknown-linux-gnu'
build_alias=''
build_cpu='x86_64'
build_os='linux-gnu'
build_vendor='unknown'
datadir='${datarootdir}'
datarootdir='${prefix}/share'
docdir='${datarootdir}/doc/${PACKAGE}'
dvidir='${docdir}'
exec_prefix='${prefix}'
host='x86_64-unknown-linux-gnu'
host_alias=''
host_cpu='x86_64'
host_os='linux-gnu'
host_vendor='unknown'
htmldir='${docdir}'
includedir='${prefix}/include'
infodir='${datarootdir}/info'
install_sh='/home/mininet/netcat-mptcp/install-sh'
libdir='${exec_prefix}/lib'
libexecdir='${exec_prefix}/libexec'
localedir='${datarootdir}/locale'
localstatedir='${prefix}/var'
mandir='${datarootdir}/man'
oldincludedir='/usr/include'
pdfdir='${docdir}'
prefix='/usr/local'
program_transform_name='s,x,x,'
psdir='${docdir}'
sbindir='${exec_prefix}/sbin'
sharedstatedir='${prefix}/com'
sysconfdir='${prefix}/etc'
target='x86_64-unknown-linux-gnu'
target_alias=''
target_cpu='x86_64'
target_os='linux-gnu'
target_vendor='unknown'

## ----------- ##
## confdefs.h. ##
## ----------- ##

/* confdefs.h */
#define PACKAGE_NAME ""
#define PACKAGE_TARNAME ""
#define PACKAGE_VERSION ""
#define PACKAGE_STRING ""
#define PACKAGE_BUGREPORT ""
#define PACKAGE_URL ""
#define PACKAGE "netcat"
#define VERSION "0.7.1"
#define ENABLE_NLS 1
#define HAVE_GETTEXT 1
#define HAVE_DCGETTEXT 1
#define STDC_HEADERS 1
#define HAVE_SYS_TYPES_H 1
#define HAVE_SYS_STAT_H 1
#define HAVE_STDLIB_H 1
#define HAVE_STRING_H 1
#define HAVE_MEMORY_H 1
#define HAVE_STRINGS_H 1
#define HAVE_INTTYPES_H 1
#define HAVE_STDINT_H 1
#define HAVE_UNISTD_H 1
#define HAVE_ALLOCA_H 1
#define HAVE_ALLOCA 1
#define HAVE_STDLIB_H 1
#define HAVE_UNISTD_H 1
#define HAVE_SYS_PARAM_H 1
#define HAVE_GETPAGESIZE 1
#define HAVE_MMAP 1
#define INTDIV0_RAISES_SIGFPE 1
#define HAVE_INTTYPES_H_WITH_UINTMAX 1
#define HAVE_STDINT_H_WITH_UINTMAX 1
#define HAVE_UNSIGNED_LONG_LONG 1
#define HAVE_INTTYPES_H 1
#define HAVE_ARGZ_H 1
#define HAVE_LIMITS_H 1
#define HAVE_LOCALE_H 1
#define HAVE_NL_TYPES_H 1
#define HAVE_MALLOC_H 1
#define HAVE_STDDEF_H 1
#define HAVE_STDLIB_H 1
#define HAVE_STRING_H 1
#define HAVE_UNISTD_H 1
#define HAVE_SYS_PARAM_H 1
#define HAVE_FEOF_UNLOCKED 1
#define HAVE_FGETS_UNLOCKED 1
#define HAVE_GETC_UNLOCKED 1
#define HAVE_GETCWD 1
#define HAVE_GETEGID 1
#define HAVE_GETEUID 1
#define HAVE_GETGID 1
#define HAVE_GETUID 1
#define HAVE_MEMPCPY 1
#define HAVE_MUNMAP 1
#define HAVE_PUTENV 1
#define HAVE_SETENV 1
#define HAVE_SETLOCALE 1
#define HAVE_STPCPY 1
#define HAVE_STRCASECMP 1
#define HAVE_STRDUP 1
#define HAVE_STRTOUL 1
#define HAVE_TSEARCH 1
#define HAVE___ARGZ_COUNT 1
#define HAVE___ARGZ_STRINGIFY 1
#define HAVE___ARGZ_NEXT 1
#define HAVE_ICONV 1
#define ICONV_CONST 
#define HAVE_LANGINFO_CODESET 1
#define HAVE_LC_MESSAGES 1
#define HAVE_SRANDOM 1
#define HAVE_RANDOM 1
#define HAVE_INET_PTON 1
#define HAVE_INET_NTOP 1
#define HAVE_STRUCT_IN_PKTINFO 1
#define HAVE_IN_PORT_T 1
#define USE_LINUX_SELECT /**/
#define HAVE_GETOPT_LONG 1

configure: exit 0

## ---------------------- ##
## Running config.status. ##
## ---------------------- ##

This file was extended by config.status, which was
generated by GNU Autoconf 2.69.  Invocation command line was

  CONFIG_FILES    = 
  CONFIG_HEADERS  = 
  CONFIG_LINKS    = 
  CONFIG_COMMANDS = 
  $ ./config.status Makefile

on mininet-vm

config.status:948: creating Makefile
config.status:1051: WARNING:  'Makefile.in' seems to ignore the --datarootdir setting

## ---------------------- ##
## Running config.status. ##
## ---------------------- ##

This file was extended by config.status, which was
generated by GNU Autoconf 2.69.  Invocation command line was

  CONFIG_FILES    = 
  CONFIG_HEADERS  = 
  CONFIG_LINKS    = 
  CONFIG_COMMANDS = 
  $ ./config.status config.h

on mininet-vm

config.status:948: creating config.h
config.status:1123: config.h is unchanged

## ---------------------- ##
## Running config.status. ##
## ---------------------- ##

This file was extended by config.status, which was
generated by GNU Autoconf 2.69.  Invocation command line was

  CONFIG_FILES    = 
  CONFIG_HEADERS  = 
  CONFIG_LINKS    = 
  CONFIG_COMMANDS = 
  $ ./config.status m4/Makefile

on mininet-vm

config.status:948: creating m4/Makefile
config.status:1051: WARNING:  'm4/Makefile.in' seems to ignore the --datarootdir setting

## ---------------------- ##
## Running config.status. ##
## ---------------------- ##

This file was extended by config.status, which was
generated by GNU Autoconf 2.69.  Invocation command line was

  CONFIG_FILES    = 
  CONFIG_HEADERS  = 
  CONFIG_LINKS    = 
  CONFIG_COMMANDS = 
  $ ./config.status lib/Makefile

on mininet-vm

config.status:948: creating lib/Makefile
config.status:1051: WARNING:  'lib/Makefile.in' seems to ignore the --datarootdir setting

## ---------------------- ##
## Running config.status. ##
## ---------------------- ##

This file was extended by config.status, which was
generated by GNU Autoconf 2.69.  Invocation command line was

  CONFIG_FILES    = 
  CONFIG_HEADERS  = 
  CONFIG_LINKS    = 
  CONFIG_COMMANDS = 
  $ ./config.status lib/contrib/Makefile

on mininet-vm

config.status:948: creating lib/contrib/Makefile
config.status:1051: WARNING:  'lib/contrib/Makefile.in' seems to ignore the --datarootdir setting

## ---------------------- ##
## Running config.status. ##
## ---------------------- ##

This file was extended by config.status, which was
generated by GNU Autoconf 2.69.  Invocation command line was

  CONFIG_FILES    = 
  CONFIG_HEADERS  = 
  CONFIG_LINKS    = 
  CONFIG_COMMANDS = 
  $ ./config.status src/Makefile

on mininet-vm

config.status:948: creating src/Makefile
config.status:1051: WARNING:  'src/Makefile.in' seems to ignore the --datarootdir setting

## ---------------------- ##
## Running config.status. ##
## ---------------------- ##

This file was extended by config.status, which was
generated by GNU Autoconf 2.69.  Invocation command line was

  CONFIG_FILES    = po/Makefile.in
  CONFIG_HEADERS  = 
  CONFIG_LINKS    = 
  CONFIG_COMMANDS = 
  $ ./config.status 

on mininet-vm

config.status:: creating po/Makefile.in
config.status:: WARNING:  'po/Makefile.in.in' seems to ignore the --datarootdir setting
config.status:: executing depfiles commands
config.status:: executing default-1 commands

## ---------------------- ##
## Running config.status. ##
## ---------------------- ##

This file was extended by config.status, which was
generated by GNU Autoconf 2.69.  Invocation command line was

  CONFIG_FILES    = 
  CONFIG_HEADERS  = 
  CONFIG_LINKS    = 
  CONFIG_COMMANDS = 
  $ ./config.status doc/Makefile

on mininet-vm

config.status:948: creating doc/Makefile
config.status:1051: WARNING:  'doc/Makefile.in' seems to ignore the --datarootdir setting

## ---------------------- ##
## Running config.status. ##
## ---------------------- ##

This file was extended by config.status, which was
generated by GNU Autoconf 2.69.  Invocation command line was

  CONFIG_FILES    = 
  CONFIG_HEADERS  = 
  CONFIG_LINKS    = 
  CONFIG_COMMANDS = 
  $ ./config.status doc/drafts/Makefile

on mininet-vm

config.status:948: creating doc/drafts/Makefile
config.status:1051: WARNING:  'doc/drafts/Makefile.in' seems to ignore the --datarootdir setting
